mode: set
battle-of-monsters/app/config/config.go:22.13,32.45 7 1
battle-of-monsters/app/config/config.go:32.45,34.40 2 0
battle-of-monsters/app/config/config.go:34.40,36.4 1 0
battle-of-monsters/app/config/config.go:38.3,38.75 1 0
battle-of-monsters/app/config/config.go:41.2,41.45 1 1
battle-of-monsters/app/config/config.go:41.45,43.3 1 0
battle-of-monsters/app/config/config.go:45.2,45.35 1 1
battle-of-monsters/app/controller/battle_controller.go:13.40,18.57 3 0
battle-of-monsters/app/controller/battle_controller.go:18.57,21.3 2 0
battle-of-monsters/app/controller/battle_controller.go:23.2,24.38 2 0
battle-of-monsters/app/controller/battle_controller.go:27.35,46.63 5 0
battle-of-monsters/app/controller/battle_controller.go:46.63,49.3 2 0
battle-of-monsters/app/controller/battle_controller.go:51.2,51.88 1 0
battle-of-monsters/app/controller/battle_controller.go:51.88,53.3 1 0
battle-of-monsters/app/controller/battle_controller.go:55.2,55.88 1 0
battle-of-monsters/app/controller/battle_controller.go:55.88,57.3 1 0
battle-of-monsters/app/controller/battle_controller.go:61.41,66.68 3 0
battle-of-monsters/app/controller/battle_controller.go:66.68,69.3 2 0
battle-of-monsters/app/controller/battle_controller.go:71.2,71.79 1 0
battle-of-monsters/app/controller/battle_controller.go:71.79,74.3 2 0
battle-of-monsters/app/controller/battle_controller.go:76.2,76.38 1 0
battle-of-monsters/app/controller/monster_controller.go:17.41,21.71 3 0
battle-of-monsters/app/controller/monster_controller.go:21.71,24.3 2 0
battle-of-monsters/app/controller/monster_controller.go:26.2,26.39 1 0
battle-of-monsters/app/controller/monster_controller.go:29.41,32.59 2 0
battle-of-monsters/app/controller/monster_controller.go:32.59,35.3 2 0
battle-of-monsters/app/controller/monster_controller.go:37.2,37.38 1 0
battle-of-monsters/app/controller/monster_controller.go:40.42,50.58 2 0
battle-of-monsters/app/controller/monster_controller.go:50.58,53.3 2 0
battle-of-monsters/app/controller/monster_controller.go:55.2,64.61 2 0
battle-of-monsters/app/controller/monster_controller.go:64.61,67.3 2 0
battle-of-monsters/app/controller/monster_controller.go:69.2,71.44 2 0
battle-of-monsters/app/controller/monster_controller.go:74.42,87.58 3 0
battle-of-monsters/app/controller/monster_controller.go:87.58,90.3 2 0
battle-of-monsters/app/controller/monster_controller.go:92.2,94.71 2 0
battle-of-monsters/app/controller/monster_controller.go:94.71,97.3 2 0
battle-of-monsters/app/controller/monster_controller.go:99.2,106.59 7 0
battle-of-monsters/app/controller/monster_controller.go:106.59,109.3 2 0
battle-of-monsters/app/controller/monster_controller.go:111.2,111.39 1 0
battle-of-monsters/app/controller/monster_controller.go:114.42,119.71 3 0
battle-of-monsters/app/controller/monster_controller.go:119.71,122.3 2 0
battle-of-monsters/app/controller/monster_controller.go:124.2,124.81 1 0
battle-of-monsters/app/controller/monster_controller.go:124.81,127.3 2 0
battle-of-monsters/app/controller/monster_controller.go:129.2,129.38 1 0
battle-of-monsters/app/controller/monster_controller.go:136.38,140.51 3 0
battle-of-monsters/app/controller/monster_controller.go:140.51,142.3 1 0
battle-of-monsters/app/controller/monster_controller.go:144.2,145.16 2 0
battle-of-monsters/app/controller/monster_controller.go:145.16,147.3 1 0
battle-of-monsters/app/controller/monster_controller.go:149.2,152.19 3 0
battle-of-monsters/app/controller/monster_controller.go:152.19,155.3 2 0
battle-of-monsters/app/controller/monster_controller.go:157.2,161.45 4 0
battle-of-monsters/app/controller/monster_controller.go:161.45,165.29 3 0
battle-of-monsters/app/controller/monster_controller.go:165.29,166.25 1 0
battle-of-monsters/app/controller/monster_controller.go:166.25,168.5 1 0
battle-of-monsters/app/controller/monster_controller.go:172.2,172.25 1 0
battle-of-monsters/app/controller/monster_controller.go:172.25,175.3 2 0
battle-of-monsters/app/controller/monster_controller.go:177.2,177.36 1 0
battle-of-monsters/app/controller/monster_controller.go:177.36,193.3 7 0
battle-of-monsters/app/controller/monster_controller.go:195.2,200.31 4 0
battle-of-monsters/app/db/db.go:15.25,16.17 1 0
battle-of-monsters/app/db/db.go:16.17,18.3 1 0
battle-of-monsters/app/db/db.go:20.2,23.87 3 0
battle-of-monsters/app/db/db.go:23.87,24.71 1 0
battle-of-monsters/app/db/db.go:27.2,29.13 2 0
battle-of-monsters/app/db/db.go:32.31,34.14 2 0
battle-of-monsters/app/db/db.go:34.14,36.3 1 0
battle-of-monsters/app/db/db.go:38.2,38.11 1 0
battle-of-monsters/app/db/migrate.go:16.11,23.27 4 0
battle-of-monsters/app/db/migrate.go:23.27,25.3 1 0
battle-of-monsters/app/db/migrate.go:27.2,27.38 1 0
battle-of-monsters/app/db/migrate.go:30.13,37.27 4 0
battle-of-monsters/app/db/migrate.go:37.27,39.3 1 0
battle-of-monsters/app/db/migrate.go:41.2,41.40 1 0
battle-of-monsters/app/db/migrate.go:44.38,50.16 4 0
battle-of-monsters/app/db/migrate.go:50.16,52.3 1 0
battle-of-monsters/app/db/migrate.go:54.2,54.73 1 0
battle-of-monsters/app/db/migrate.go:54.73,56.3 1 0
battle-of-monsters/app/db/migrate.go:58.2,61.16 2 0
battle-of-monsters/app/db/migrate.go:61.16,63.3 1 0
battle-of-monsters/app/db/migrate.go:65.2,65.18 1 0
battle-of-monsters/app/db/validation_hooks.go:10.46,12.58 2 0
battle-of-monsters/app/db/validation_hooks.go:12.58,13.120 1 0
battle-of-monsters/app/db/validation_hooks.go:13.120,14.14 1 0
battle-of-monsters/app/db/validation_hooks.go:18.2,18.58 1 0
battle-of-monsters/app/db/validation_hooks.go:18.58,19.120 1 0
battle-of-monsters/app/db/validation_hooks.go:19.120,20.14 1 0
battle-of-monsters/app/db/validation_hooks.go:25.33,26.77 1 0
battle-of-monsters/app/db/validation_hooks.go:26.77,28.3 1 0
battle-of-monsters/app/db/validation_hooks.go:30.2,31.19 2 0
battle-of-monsters/app/db/validation_hooks.go:31.19,33.3 1 0
battle-of-monsters/app/db/validation_hooks.go:35.2,35.48 1 0
battle-of-monsters/app/db/validation_hooks.go:35.48,37.3 1 0
battle-of-monsters/app/db/validation_hooks.go:40.41,44.47 3 0
battle-of-monsters/app/db/validation_hooks.go:44.47,46.3 1 0
battle-of-monsters/app/db/validation_hooks.go:48.2,48.34 1 0
battle-of-monsters/app/db/validation_hooks.go:48.34,50.3 1 0
battle-of-monsters/app/db/validation_hooks.go:52.2,52.15 1 0
battle-of-monsters/app/models/models.go:19.38,20.25 1 0
battle-of-monsters/app/models/models.go:20.25,22.3 1 0
battle-of-monsters/app/models/models.go:24.2,24.32 1 0
battle-of-monsters/app/models/models.go:24.32,26.3 1 0
battle-of-monsters/app/models/models.go:28.2,28.97 1 0
battle-of-monsters/app/models/models.go:35.42,37.22 2 0
battle-of-monsters/app/models/models.go:37.22,38.17 1 0
battle-of-monsters/app/models/models.go:38.17,40.4 1 0
battle-of-monsters/app/models/models.go:42.3,42.17 1 0
battle-of-monsters/app/models/models.go:45.2,45.10 1 0
battle-of-monsters/app/models/models.go:53.60,60.52 4 0
battle-of-monsters/app/models/models.go:60.52,62.40 2 0
battle-of-monsters/app/models/models.go:62.40,63.29 1 0
battle-of-monsters/app/models/models.go:63.29,69.5 1 0
battle-of-monsters/app/models/models.go:70.9,72.4 1 0
battle-of-monsters/app/models/models.go:76.2,76.51 1 0
battle-of-monsters/app/models/models.go:76.51,79.3 2 0
battle-of-monsters/app/models/models.go:81.2,81.43 1 0
battle-of-monsters/app/router/router.go:11.27,16.45 3 0
battle-of-monsters/app/router/router.go:16.45,20.3 1 0
battle-of-monsters/app/router/router.go:23.2,24.2 2 0
battle-of-monsters/app/router/router.go:24.2,28.3 3 0
battle-of-monsters/app/router/router.go:31.2,32.2 2 0
battle-of-monsters/app/router/router.go:32.2,39.3 6 0
battle-of-monsters/app/router/router.go:41.2,41.15 1 0
battle-of-monsters/app/tests/utils/envutils.go:15.16,21.21 5 1
battle-of-monsters/app/tests/utils/envutils.go:21.21,22.16 1 0
battle-of-monsters/app/tests/utils/envutils.go:25.2,25.51 1 1
battle-of-monsters/app/tests/utils/envutils.go:25.51,26.16 1 0
battle-of-monsters/app/tests/utils/envutils.go:29.2,30.15 2 1
battle-of-monsters/app/tests/utils/httputils.go:15.67,22.2 4 0
battle-of-monsters/app/tests/utils/httputils.go:24.70,43.2 12 0
battle-of-monsters/app/tests/utils/jsonutils.go:8.60,10.54 2 0
battle-of-monsters/app/tests/utils/jsonutils.go:10.54,12.3 1 0
battle-of-monsters/app/tests/utils/jsonutils.go:14.2,14.15 1 0
battle-of-monsters/app/tests/utils/jsonutils.go:17.66,19.54 2 0
battle-of-monsters/app/tests/utils/jsonutils.go:19.54,21.3 1 0
battle-of-monsters/app/tests/utils/jsonutils.go:23.2,23.15 1 0
battle-of-monsters/app/tests/utils/jsonutils.go:26.53,28.16 2 0
battle-of-monsters/app/tests/utils/jsonutils.go:28.16,30.3 1 0
battle-of-monsters/app/tests/utils/jsonutils.go:32.2,32.25 1 0
